app/build/intermediates/manifest_merge_blame_file/debug/processDebugMainManifest/manifest-merger-blame-debug-report.txt
1<?xml version="1.0" encoding="utf-8"?>
2<manifest xmlns:android="http://schemas.android.com/apk/res/android"
3    package="com.example.launcher"
4    android:versionCode="1"
5    android:versionName="1.0" >
6
7    <uses-sdk
8        android:minSdkVersion="27"
9        android:targetSdkVersion="34" />
10
11    <!-- Required permissions for OpenStreetMap -->
12    <uses-permission android:name="android.permission.INTERNET" />
12-->src\main\AndroidManifest.xml:6:5-67
12-->src\main\AndroidManifest.xml:6:22-64
13    <uses-permission android:name="android.permission.ACCESS_NETWORK_STATE" />
13-->src\main\AndroidManifest.xml:7:5-79
13-->src\main\AndroidManifest.xml:7:22-76
14    <uses-permission
14-->src\main\AndroidManifest.xml:8:5-9:38
15        android:name="android.permission.WRITE_EXTERNAL_STORAGE"
15-->src\main\AndroidManifest.xml:8:22-78
16        android:maxSdkVersion="28" />
16-->src\main\AndroidManifest.xml:9:9-35
17    <uses-permission android:name="android.permission.ACCESS_COARSE_LOCATION" />
17-->src\main\AndroidManifest.xml:10:5-81
17-->src\main\AndroidManifest.xml:10:22-78
18    <uses-permission android:name="android.permission.ACCESS_FINE_LOCATION" />
18-->src\main\AndroidManifest.xml:11:5-79
18-->src\main\AndroidManifest.xml:11:22-76
19
20    <permission
20-->[androidx.core:core:1.12.0] AndroidManifest.xml:22:5-24:47
21        android:name="com.example.launcher.DYNAMIC_RECEIVER_NOT_EXPORTED_PERMISSION"
21-->[androidx.core:core:1.12.0] AndroidManifest.xml:23:9-81
22        android:protectionLevel="signature" />
22-->[androidx.core:core:1.12.0] AndroidManifest.xml:24:9-44
23
24    <uses-permission android:name="com.example.launcher.DYNAMIC_RECEIVER_NOT_EXPORTED_PERMISSION" />
24-->[androidx.core:core:1.12.0] AndroidManifest.xml:26:5-97
24-->[androidx.core:core:1.12.0] AndroidManifest.xml:26:22-94
25
26    <supports-screens
26-->[org.osmdroid:osmdroid-android:6.1.16] AndroidManifest.xml:9:5-12:40
27        android:anyDensity="true"
27-->[org.osmdroid:osmdroid-android:6.1.16] AndroidManifest.xml:10:9-34
28        android:largeScreens="true"
28-->[org.osmdroid:osmdroid-android:6.1.16] AndroidManifest.xml:11:9-36
29        android:normalScreens="true" />
29-->[org.osmdroid:osmdroid-android:6.1.16] AndroidManifest.xml:12:9-37
30
31    <uses-feature
31-->[org.osmdroid:osmdroid-android:6.1.16] AndroidManifest.xml:14:5-16:36
32        android:name="android.hardware.location.network"
32-->[org.osmdroid:osmdroid-android:6.1.16] AndroidManifest.xml:15:9-57
33        android:required="false" />
33-->[org.osmdroid:osmdroid-android:6.1.16] AndroidManifest.xml:16:9-33
34    <uses-feature
34-->[org.osmdroid:osmdroid-android:6.1.16] AndroidManifest.xml:17:5-19:36
35        android:name="android.hardware.location.gps"
35-->[org.osmdroid:osmdroid-android:6.1.16] AndroidManifest.xml:18:9-53
36        android:required="false" />
36-->[org.osmdroid:osmdroid-android:6.1.16] AndroidManifest.xml:19:9-33
37    <uses-feature
37-->[org.osmdroid:osmdroid-android:6.1.16] AndroidManifest.xml:20:5-22:36
38        android:name="android.hardware.telephony"
38-->[org.osmdroid:osmdroid-android:6.1.16] AndroidManifest.xml:21:9-50
39        android:required="false" />
39-->[org.osmdroid:osmdroid-android:6.1.16] AndroidManifest.xml:22:9-33
40    <uses-feature
40-->[org.osmdroid:osmdroid-android:6.1.16] AndroidManifest.xml:23:5-25:36
41        android:name="android.hardware.wifi"
41-->[org.osmdroid:osmdroid-android:6.1.16] AndroidManifest.xml:24:9-45
42        android:required="false" />
42-->[org.osmdroid:osmdroid-android:6.1.16] AndroidManifest.xml:25:9-33
43
44    <application
44-->src\main\AndroidManifest.xml:13:5-70:19
45        android:allowBackup="true"
45-->src\main\AndroidManifest.xml:14:9-35
46        android:appComponentFactory="androidx.core.app.CoreComponentFactory"
46-->[androidx.core:core:1.12.0] AndroidManifest.xml:28:18-86
47        android:debuggable="true"
48        android:extractNativeLibs="false"
49        android:icon="@mipmap/logo_round"
49-->src\main\AndroidManifest.xml:15:9-42
50        android:label="@string/app_name"
50-->src\main\AndroidManifest.xml:16:9-41
51        android:roundIcon="@mipmap/logo_round"
51-->src\main\AndroidManifest.xml:17:9-47
52        android:supportsRtl="true"
52-->src\main\AndroidManifest.xml:18:9-35
53        android:testOnly="true"
54        android:theme="@style/Theme.LauncherApp" >
54-->src\main\AndroidManifest.xml:19:9-49
55
56        <!-- Splash Screen (Launcher) -->
57        <activity
57-->src\main\AndroidManifest.xml:22:9-30:20
58            android:name="com.example.launcher.SplashScreenActivity"
58-->src\main\AndroidManifest.xml:23:13-49
59            android:exported="true"
59-->src\main\AndroidManifest.xml:24:13-36
60            android:theme="@style/Theme.LauncherApp.NoActionBar" >
60-->src\main\AndroidManifest.xml:25:13-65
61            <intent-filter>
61-->src\main\AndroidManifest.xml:26:13-29:29
62                <action android:name="android.intent.action.MAIN" />
62-->src\main\AndroidManifest.xml:27:17-69
62-->src\main\AndroidManifest.xml:27:25-66
63
64                <category android:name="android.intent.category.LAUNCHER" />
64-->src\main\AndroidManifest.xml:28:17-77
64-->src\main\AndroidManifest.xml:28:27-74
65            </intent-filter>
66        </activity>
67
68        <!-- Main Activity -->
69        <activity
69-->src\main\AndroidManifest.xml:33:9-36:68
70            android:name="com.example.launcher.MainActivity"
70-->src\main\AndroidManifest.xml:34:13-41
71            android:exported="false"
71-->src\main\AndroidManifest.xml:35:13-37
72            android:theme="@style/Theme.LauncherApp.NoActionBar" />
72-->src\main\AndroidManifest.xml:36:13-65
73
74        <!-- Other Activities -->
75        <activity
75-->src\main\AndroidManifest.xml:39:9-42:58
76            android:name="com.example.launcher.activities.ARActivity"
76-->src\main\AndroidManifest.xml:40:13-50
77            android:exported="false"
77-->src\main\AndroidManifest.xml:41:13-37
78            android:parentActivityName="com.example.launcher.MainActivity" />
78-->src\main\AndroidManifest.xml:42:13-55
79        <activity
79-->src\main\AndroidManifest.xml:44:9-47:58
80            android:name="com.example.launcher.activities.LandmarkDetailActivity"
80-->src\main\AndroidManifest.xml:45:13-62
81            android:exported="false"
81-->src\main\AndroidManifest.xml:46:13-37
82            android:parentActivityName="com.example.launcher.MainActivity" />
82-->src\main\AndroidManifest.xml:47:13-55
83        <activity
83-->src\main\AndroidManifest.xml:49:9-52:58
84            android:name="com.example.launcher.activities.LandmarkMapActivity"
84-->src\main\AndroidManifest.xml:50:13-59
85            android:exported="false"
85-->src\main\AndroidManifest.xml:51:13-37
86            android:parentActivityName="com.example.launcher.MainActivity" />
86-->src\main\AndroidManifest.xml:52:13-55
87        <activity
87-->src\main\AndroidManifest.xml:54:9-57:58
88            android:name="com.example.launcher.activities.LandmarkMapCardsActivity"
88-->src\main\AndroidManifest.xml:55:13-64
89            android:exported="false"
89-->src\main\AndroidManifest.xml:56:13-37
90            android:parentActivityName="com.example.launcher.MainActivity" />
90-->src\main\AndroidManifest.xml:57:13-55
91        <activity
91-->src\main\AndroidManifest.xml:59:9-63:58
92            android:name="com.example.launcher.activities.SettingsActivity"
92-->src\main\AndroidManifest.xml:60:13-56
93            android:exported="false"
93-->src\main\AndroidManifest.xml:61:13-37
94            android:label="@string/settings"
94-->src\main\AndroidManifest.xml:62:13-45
95            android:parentActivityName="com.example.launcher.MainActivity" />
95-->src\main\AndroidManifest.xml:63:13-55
96        <activity
96-->src\main\AndroidManifest.xml:65:9-68:58
97            android:name="com.example.launcher.MapViewActivity"
97-->src\main\AndroidManifest.xml:66:13-44
98            android:exported="false"
98-->src\main\AndroidManifest.xml:67:13-37
99            android:parentActivityName="com.example.launcher.MainActivity" />
99-->src\main\AndroidManifest.xml:68:13-55
100        <activity
100-->[androidx.compose.ui:ui-tooling-android:1.5.4] AndroidManifest.xml:23:9-25:39
101            android:name="androidx.compose.ui.tooling.PreviewActivity"
101-->[androidx.compose.ui:ui-tooling-android:1.5.4] AndroidManifest.xml:24:13-71
102            android:exported="true" />
102-->[androidx.compose.ui:ui-tooling-android:1.5.4] AndroidManifest.xml:25:13-36
103
104        <uses-library
104-->[androidx.window:window:1.0.0] AndroidManifest.xml:25:9-27:40
105            android:name="androidx.window.extensions"
105-->[androidx.window:window:1.0.0] AndroidManifest.xml:26:13-54
106            android:required="false" />
106-->[androidx.window:window:1.0.0] AndroidManifest.xml:27:13-37
107        <uses-library
107-->[androidx.window:window:1.0.0] AndroidManifest.xml:28:9-30:40
108            android:name="androidx.window.sidecar"
108-->[androidx.window:window:1.0.0] AndroidManifest.xml:29:13-51
109            android:required="false" />
109-->[androidx.window:window:1.0.0] AndroidManifest.xml:30:13-37
110
111        <provider
111-->[androidx.emoji2:emoji2:1.4.0] AndroidManifest.xml:24:9-32:20
112            android:name="androidx.startup.InitializationProvider"
112-->[androidx.emoji2:emoji2:1.4.0] AndroidManifest.xml:25:13-67
113            android:authorities="com.example.launcher.androidx-startup"
113-->[androidx.emoji2:emoji2:1.4.0] AndroidManifest.xml:26:13-68
114            android:exported="false" >
114-->[androidx.emoji2:emoji2:1.4.0] AndroidManifest.xml:27:13-37
115            <meta-data
115-->[androidx.emoji2:emoji2:1.4.0] AndroidManifest.xml:29:13-31:52
116                android:name="androidx.emoji2.text.EmojiCompatInitializer"
116-->[androidx.emoji2:emoji2:1.4.0] AndroidManifest.xml:30:17-75
117                android:value="androidx.startup" />
117-->[androidx.emoji2:emoji2:1.4.0] AndroidManifest.xml:31:17-49
118            <meta-data
118-->[androidx.lifecycle:lifecycle-process:2.7.0] AndroidManifest.xml:29:13-31:52
119                android:name="androidx.lifecycle.ProcessLifecycleInitializer"
119-->[androidx.lifecycle:lifecycle-process:2.7.0] AndroidManifest.xml:30:17-78
120                android:value="androidx.startup" />
120-->[androidx.lifecycle:lifecycle-process:2.7.0] AndroidManifest.xml:31:17-49
121            <meta-data
121-->[androidx.profileinstaller:profileinstaller:1.3.0] AndroidManifest.xml:29:13-31:52
122                android:name="androidx.profileinstaller.ProfileInstallerInitializer"
122-->[androidx.profileinstaller:profileinstaller:1.3.0] AndroidManifest.xml:30:17-85
123                android:value="androidx.startup" />
123-->[androidx.profileinstaller:profileinstaller:1.3.0] AndroidManifest.xml:31:17-49
124        </provider>
125
126        <receiver
126-->[androidx.profileinstaller:profileinstaller:1.3.0] AndroidManifest.xml:34:9-52:20
127            android:name="androidx.profileinstaller.ProfileInstallReceiver"
127-->[androidx.profileinstaller:profileinstaller:1.3.0] AndroidManifest.xml:35:13-76
128            android:directBootAware="false"
128-->[androidx.profileinstaller:profileinstaller:1.3.0] AndroidManifest.xml:36:13-44
129            android:enabled="true"
129-->[androidx.profileinstaller:profileinstaller:1.3.0] AndroidManifest.xml:37:13-35
130            android:exported="true"
130-->[androidx.profileinstaller:profileinstaller:1.3.0] AndroidManifest.xml:38:13-36
131            android:permission="android.permission.DUMP" >
131-->[androidx.profileinstaller:profileinstaller:1.3.0] AndroidManifest.xml:39:13-57
132            <intent-filter>
132-->[androidx.profileinstaller:profileinstaller:1.3.0] AndroidManifest.xml:40:13-42:29
133                <action android:name="androidx.profileinstaller.action.INSTALL_PROFILE" />
133-->[androidx.profileinstaller:profileinstaller:1.3.0] AndroidManifest.xml:41:17-91
133-->[androidx.profileinstaller:profileinstaller:1.3.0] AndroidManifest.xml:41:25-88
134            </intent-filter>
135            <intent-filter>
135-->[androidx.profileinstaller:profileinstaller:1.3.0] AndroidManifest.xml:43:13-45:29
136                <action android:name="androidx.profileinstaller.action.SKIP_FILE" />
136-->[androidx.profileinstaller:profileinstaller:1.3.0] AndroidManifest.xml:44:17-85
136-->[androidx.profileinstaller:profileinstaller:1.3.0] AndroidManifest.xml:44:25-82
137            </intent-filter>
138            <intent-filter>
138-->[androidx.profileinstaller:profileinstaller:1.3.0] AndroidManifest.xml:46:13-48:29
139                <action android:name="androidx.profileinstaller.action.SAVE_PROFILE" />
139-->[androidx.profileinstaller:profileinstaller:1.3.0] AndroidManifest.xml:47:17-88
139-->[androidx.profileinstaller:profileinstaller:1.3.0] AndroidManifest.xml:47:25-85
140            </intent-filter>
141            <intent-filter>
141-->[androidx.profileinstaller:profileinstaller:1.3.0] AndroidManifest.xml:49:13-51:29
142                <action android:name="androidx.profileinstaller.action.BENCHMARK_OPERATION" />
142-->[androidx.profileinstaller:profileinstaller:1.3.0] AndroidManifest.xml:50:17-95
142-->[androidx.profileinstaller:profileinstaller:1.3.0] AndroidManifest.xml:50:25-92
143            </intent-filter>
144        </receiver>
145    </application>
146
147</manifest>